# JRE version: OpenJDK Runtime Environment (8.0_242-b01) (build 1.8.0_242-release-1644-b01)
# Java VM: OpenJDK 64-Bit Server VM (25.242-b01 mixed mode windows-amd64 compressed oops)
Heap:
 PSYoungGen      total 562176K, used 146653K [0x00000000d5580000, 0x00000000fa100000, 0x0000000100000000)
  eden space 531456K, 22% used [0x00000000d5580000,0x00000000dc94ebe0,0x00000000f5c80000)
  from space 30720K, 91% used [0x00000000f7d80000,0x00000000f98e8c08,0x00000000f9b80000)
  to   space 33792K, 0% used [0x00000000f5c80000,0x00000000f5c80000,0x00000000f7d80000)
 ParOldGen       total 294912K, used 62464K [0x0000000080000000, 0x0000000092000000, 0x00000000d5580000)
  object space 294912K, 21% used [0x0000000080000000,0x0000000083d00190,0x0000000092000000)
 Metaspace       used 104454K, capacity 110759K, committed 110936K, reserved 1144832K
  class space    used 13390K, capacity 14551K, committed 14720K, reserved 1048576K
GC Heap History (10 events):
Event: 3386.777 GC heap before
{Heap before GC invocations=22 (full 4):
 PSYoungGen      total 350208K, used 343254K [0x00000000d5580000, 0x00000000ef600000, 0x0000000100000000)
  eden space 323072K, 100% used [0x00000000d5580000,0x00000000e9100000,0x00000000e9100000)
  from space 27136K, 74% used [0x00000000e9100000,0x00000000ea4b5a78,0x00000000eab80000)
  to   space 28160K, 0% used [0x00000000eda80000,0x00000000eda80000,0x00000000ef600000)
 ParOldGen       total 294912K, used 48895K [0x0000000080000000, 0x0000000092000000, 0x00000000d5580000)
  object space 294912K, 16% used [0x0000000080000000,0x0000000082fbfc70,0x0000000092000000)
 Metaspace       used 103041K, capacity 109201K, committed 109528K, reserved 1144832K
  class space    used 13303K, capacity 14458K, committed 14592K, reserved 1048576K
Event: 3386.797 GC heap after
Heap after GC invocations=22 (full 4):
 PSYoungGen      total 397312K, used 22011K [0x00000000d5580000, 0x00000000f0280000, 0x0000000100000000)
  eden space 369152K, 0% used [0x00000000d5580000,0x00000000d5580000,0x00000000ebe00000)
  from space 28160K, 78% used [0x00000000eda80000,0x00000000eeffed80,0x00000000ef600000)
  to   space 29184K, 0% used [0x00000000ebe00000,0x00000000ebe00000,0x00000000eda80000)
 ParOldGen       total 294912K, used 48903K [0x0000000080000000, 0x0000000092000000, 0x00000000d5580000)
  object space 294912K, 16% used [0x0000000080000000,0x0000000082fc1c70,0x0000000092000000)
 Metaspace       used 103041K, capacity 109201K, committed 109528K, reserved 1144832K
  class space    used 13303K, capacity 14458K, committed 14592K, reserved 1048576K
}
Event: 3387.337 GC heap before
{Heap before GC invocations=23 (full 4):
 PSYoungGen      total 397312K, used 391163K [0x00000000d5580000, 0x00000000f0280000, 0x0000000100000000)
  eden space 369152K, 100% used [0x00000000d5580000,0x00000000ebe00000,0x00000000ebe00000)
  from space 28160K, 78% used [0x00000000eda80000,0x00000000eeffed80,0x00000000ef600000)
  to   space 29184K, 0% used [0x00000000ebe00000,0x00000000ebe00000,0x00000000eda80000)
 ParOldGen       total 294912K, used 48903K [0x0000000080000000, 0x0000000092000000, 0x00000000d5580000)
  object space 294912K, 16% used [0x0000000080000000,0x0000000082fc1c70,0x0000000092000000)
 Metaspace       used 103367K, capacity 109529K, committed 109784K, reserved 1144832K
  class space    used 13315K, capacity 14466K, committed 14592K, reserved 1048576K
Event: 3387.365 GC heap after
Heap after GC invocations=23 (full 4):
 PSYoungGen      total 398336K, used 25219K [0x00000000d5580000, 0x00000000f4380000, 0x0000000100000000)
  eden space 369152K, 0% used [0x00000000d5580000,0x00000000d5580000,0x00000000ebe00000)
  from space 29184K, 86% used [0x00000000ebe00000,0x00000000ed6a0da8,0x00000000eda80000)
  to   space 31232K, 0% used [0x00000000f2500000,0x00000000f2500000,0x00000000f4380000)
 ParOldGen       total 294912K, used 48911K [0x0000000080000000, 0x0000000092000000, 0x00000000d5580000)
  object space 294912K, 16% used [0x0000000080000000,0x0000000082fc3c70,0x0000000092000000)
 Metaspace       used 103367K, capacity 109529K, committed 109784K, reserved 1144832K
  class space    used 13315K, capacity 14466K, committed 14592K, reserved 1048576K
}
Event: 3387.927 GC heap before
{Heap before GC invocations=24 (full 4):
 PSYoungGen      total 398336K, used 394371K [0x00000000d5580000, 0x00000000f4380000, 0x0000000100000000)
  eden space 369152K, 100% used [0x00000000d5580000,0x00000000ebe00000,0x00000000ebe00000)
  from space 29184K, 86% used [0x00000000ebe00000,0x00000000ed6a0da8,0x00000000eda80000)
  to   space 31232K, 0% used [0x00000000f2500000,0x00000000f2500000,0x00000000f4380000)
 ParOldGen       total 294912K, used 48911K [0x0000000080000000, 0x0000000092000000, 0x00000000d5580000)
  object space 294912K, 16% used [0x0000000080000000,0x0000000082fc3c70,0x0000000092000000)
 Metaspace       used 103645K, capacity 109829K, committed 110040K, reserved 1144832K
  class space    used 13320K, capacity 14472K, committed 14592K, reserved 1048576K
Event: 3387.948 GC heap after
Heap after GC invocations=24 (full 4):
 PSYoungGen      total 475648K, used 15652K [0x00000000d5580000, 0x00000000f4580000, 0x0000000100000000)
  eden space 444416K, 0% used [0x00000000d5580000,0x00000000d5580000,0x00000000f0780000)
  from space 31232K, 50% used [0x00000000f2500000,0x00000000f3449240,0x00000000f4380000)
  to   space 30208K, 0% used [0x00000000f0780000,0x00000000f0780000,0x00000000f2500000)
 ParOldGen       total 294912K, used 53575K [0x0000000080000000, 0x0000000092000000, 0x00000000d5580000)
  object space 294912K, 18% used [0x0000000080000000,0x0000000083451db8,0x0000000092000000)
 Metaspace       used 103645K, capacity 109829K, committed 110040K, reserved 1144832K
  class space    used 13320K, capacity 14472K, committed 14592K, reserved 1048576K
}
Event: 3388.728 GC heap before
{Heap before GC invocations=25 (full 4):
 PSYoungGen      total 475648K, used 460068K [0x00000000d5580000, 0x00000000f4580000, 0x0000000100000000)
  eden space 444416K, 100% used [0x00000000d5580000,0x00000000f0780000,0x00000000f0780000)
  from space 31232K, 50% used [0x00000000f2500000,0x00000000f3449240,0x00000000f4380000)
  to   space 30208K, 0% used [0x00000000f0780000,0x00000000f0780000,0x00000000f2500000)
 ParOldGen       total 294912K, used 53575K [0x0000000080000000, 0x0000000092000000, 0x00000000d5580000)
  object space 294912K, 18% used [0x0000000080000000,0x0000000083451db8,0x0000000092000000)
 Metaspace       used 103705K, capacity 109905K, committed 110040K, reserved 1144832K
  class space    used 13320K, capacity 14472K, committed 14592K, reserved 1048576K
Event: 3388.743 GC heap after
Heap after GC invocations=25 (full 4):
 PSYoungGen      total 474624K, used 7072K [0x00000000d5580000, 0x00000000f9b80000, 0x0000000100000000)
  eden space 444416K, 0% used [0x00000000d5580000,0x00000000d5580000,0x00000000f0780000)
  from space 30208K, 23% used [0x00000000f0780000,0x00000000f0e68040,0x00000000f2500000)
  to   space 30720K, 0% used [0x00000000f7d80000,0x00000000f7d80000,0x00000000f9b80000)
 ParOldGen       total 294912K, used 60311K [0x0000000080000000, 0x0000000092000000, 0x00000000d5580000)
  object space 294912K, 20% used [0x0000000080000000,0x0000000083ae5f28,0x0000000092000000)
 Metaspace       used 103705K, capacity 109905K, committed 110040K, reserved 1144832K
  class space    used 13320K, capacity 14472K, committed 14592K, reserved 1048576K
}
Event: 3390.456 GC heap before
{Heap before GC invocations=26 (full 4):
 PSYoungGen      total 474624K, used 451488K [0x00000000d5580000, 0x00000000f9b80000, 0x0000000100000000)
  eden space 444416K, 100% used [0x00000000d5580000,0x00000000f0780000,0x00000000f0780000)
  from space 30208K, 23% used [0x00000000f0780000,0x00000000f0e68040,0x00000000f2500000)
  to   space 30720K, 0% used [0x00000000f7d80000,0x00000000f7d80000,0x00000000f9b80000)
 ParOldGen       total 294912K, used 60311K [0x0000000080000000, 0x0000000092000000, 0x00000000d5580000)
  object space 294912K, 20% used [0x0000000080000000,0x0000000083ae5f28,0x0000000092000000)
 Metaspace       used 104422K, capacity 110691K, committed 110936K, reserved 1144832K
  class space    used 13390K, capacity 14551K, committed 14720K, reserved 1048576K
Event: 3390.499 GC heap after
Heap after GC invocations=26 (full 4):
 PSYoungGen      total 562176K, used 28067K [0x00000000d5580000, 0x00000000fa100000, 0x0000000100000000)
  eden space 531456K, 0% used [0x00000000d5580000,0x00000000d5580000,0x00000000f5c80000)
  from space 30720K, 91% used [0x00000000f7d80000,0x00000000f98e8c08,0x00000000f9b80000)
  to   space 33792K, 0% used [0x00000000f5c80000,0x00000000f5c80000,0x00000000f7d80000)
 ParOldGen       total 294912K, used 62464K [0x0000000080000000, 0x0000000092000000, 0x00000000d5580000)
  object space 294912K, 21% used [0x0000000080000000,0x0000000083d00190,0x0000000092000000)
 Metaspace       used 104422K, capacity 110691K, committed 110936K, reserved 1144832K
  class space    used 13390K, capacity 14551K, committed 14720K, reserved 1048576K
}

